<?xml version="1.0" encoding="UTF-8"?>
<!-- Generated by org.testng.reporters.JUnitXMLReporter -->
<testsuite hostname="BSC-SGH032QBSB" ignored="1" name="Test" tests="1" failures="0" timestamp="13 Jun 2018 06:01:33 GMT" time="0.699" errors="0">
  <testcase name="testResgistrationnew" time="0.0" classname="test.Registration">
    <skipped/>
  </testcase> <!-- testResgistrationnew -->
  <testcase name="testResgistration" time="0.0" classname="test.Registration">
    <ignored/>
  </testcase> <!-- testResgistration -->
</testsuite> <!-- Test -->
