<?xml version="1.0" encoding="UTF-8"?>
<!-- Generated by org.testng.reporters.JUnitXMLReporter -->
<testsuite hostname="BSC-SGH032QBSB" ignored="2" name="Test Chrome" tests="2" failures="0" timestamp="23 May 2018 13:07:51 GMT" time="24.238" errors="0">
  <testcase name="demotest" time="0.014" classname="test.TestDemo"/>
  <testcase name="demotestnew" time="0.001" classname="test.TestDemoNew"/>
  <testcase name="@AfterSuite CloseReport" time="0.0" classname="test.BaseTest">
    <ignored/>
  </testcase> <!-- @AfterSuite CloseReport -->
  <testcase name="@BeforeSuite initReport" time="0.0" classname="test.BaseTest">
    <ignored/>
  </testcase> <!-- @BeforeSuite initReport -->
</testsuite> <!-- Test Chrome -->
