<?xml version="1.0" encoding="UTF-8"?>
<testng-results skipped="0" failed="0" ignored="0" total="1" passed="1">
  <reporter-output>
  </reporter-output>
  <suite name="Suite" duration-ms="23729" started-at="2018-05-23T06:19:43Z" finished-at="2018-05-23T06:20:07Z">
    <groups>
    </groups>
    <test name="Test" duration-ms="23729" started-at="2018-05-23T06:19:43Z" finished-at="2018-05-23T06:20:07Z">
      <class name="test.TestDemo">
        <test-method status="PASS" signature="initReport()[pri:0, instance:test.TestDemo@3e57cd70]" name="initReport" is-config="true" duration-ms="241" started-at="2018-05-23T06:19:43Z" finished-at="2018-05-23T06:19:43Z">
          <reporter-output>
          </reporter-output>
        </test-method> <!-- initReport -->
        <test-method status="PASS" signature="initTest(java.lang.String)[pri:0, instance:test.TestDemo@3e57cd70]" name="initTest" is-config="true" duration-ms="22311" started-at="2018-05-23T06:19:43Z" finished-at="2018-05-23T06:20:06Z">
          <params>
            <param index="0">
              <value>
                <![CDATA[chrome]]>
              </value>
            </param>
          </params>
          <reporter-output>
          </reporter-output>
        </test-method> <!-- initTest -->
        <test-method status="PASS" signature="demotest()[pri:0, instance:test.TestDemo@3e57cd70]" name="demotest" duration-ms="17" started-at="2018-05-23T06:20:06Z" finished-at="2018-05-23T06:20:06Z">
          <reporter-output>
          </reporter-output>
        </test-method> <!-- demotest -->
        <test-method status="PASS" signature="Close_Browser(org.testng.ITestResult)[pri:0, instance:test.TestDemo@3e57cd70]" name="Close_Browser" is-config="true" duration-ms="781" started-at="2018-05-23T06:20:06Z" finished-at="2018-05-23T06:20:06Z">
          <params>
            <param index="0">
              <value>
                <![CDATA[[TestResult name=demotest status=SUCCESS method=TestDemo.demotest()[pri:0, instance:test.TestDemo@3e57cd70] output={null}]]]>
              </value>
            </param>
          </params>
          <reporter-output>
          </reporter-output>
        </test-method> <!-- Close_Browser -->
        <test-method status="PASS" signature="CloseReport()[pri:0, instance:test.TestDemo@3e57cd70]" name="CloseReport" is-config="true" duration-ms="356" started-at="2018-05-23T06:20:06Z" finished-at="2018-05-23T06:20:07Z">
          <reporter-output>
          </reporter-output>
        </test-method> <!-- CloseReport -->
      </class> <!-- test.TestDemo -->
    </test> <!-- Test -->
  </suite> <!-- Suite -->
</testng-results>
